2020-03-01,510,552.09,0,1
2020-03-02,817,584.97,0,1
2020-03-03,779,459.68,1,2
2020-03-04,866,578.23,5,7
2020-03-05,898,1081.0,3,10
2020-03-06,530,472.29,8,18
2020-03-07,624,775.74,7,25
2020-03-08,817,1134.22,21,46
2020-03-09,1243,627.54,57,103
2020-03-10,1105,542.03,69,172
2020-03-11,1089,540.24,155,327
2020-03-12,886,629.28,355,682
2020-03-13,742,747.46,619,1301
2020-03-14,677,1263.18,642,1943
2020-03-15,604,1237.58,1035,2978
2020-03-16,460,604.99,2121,5099
2020-03-17,380,1038.46,2452,7551
2020-03-18,489,977.89,2971,10522
2020-03-19,372,5352.65,3707,14229
2020-03-20,584,2376.27,4007,18236
2020-03-21,594,1940.97,2637,20873
2020-03-22,346,1334.45,2579,23452
2020-03-23,53,586.25,3570,27022
2020-03-24,371,1203.29,4501,31523
2020-03-25,190,11062.73,4874,36397
2020-03-26,384,8091.1,5047,41444
2020-03-27,517,2067.59,5116,46560
2020-03-28,149,1408.09,3479,50039
2020-03-29,175,3456.66,3563,53602
2020-03-30,234,6180.91,6130,59732
2020-03-31,234,1875.56,5459,65191
2020-04-01,299,1175.68,5449,70640
2020-04-02,219,983.83,5748,76388
2020-04-03,149,10016.99,5670,82058
2020-04-04,538,2368.06,3865,85923
2020-04-05,478,1807.35,3781,89704
2020-04-06,444,1652.12,6353,96057
2020-04-07,350,4810.01,6043,102100
2020-04-08,356,1147.31,5580,107680
2020-04-09,190,751.12,5070,112750
2020-04-10,237,841.04,4511,117261
2020-04-11,377,2302.33,3732,120993
2020-04-12,471,1550.61,2888,123881
2020-04-13,98,999.17,3312,127193
2020-04-14,280,1263.9,4144,131337
2020-04-15,333,1259.86,3878,135215
2020-04-16,228,873.82,3530,138745
2020-04-17,221,829.62,3585,142330
2020-04-18,209,1813.42,2171,144501
2020-04-19,587,2116.66,2346,146847
2020-04-20,288,1339.7,3792,150639
2020-04-21,209,973.47,3063,153702
2020-04-22,292,936.93,3448,157150
2020-04-23,228,1709.33,2841,159991
2020-04-24,156,756.92,2535,162526
2020-04-25,731,1703.15,1596,164122
2020-04-26,135,1227.87,1003,165125
2020-04-27,209,1649.28,2288,167413
2020-04-28,562,2056.51,2728,170141
2020-04-29,261,1863.34,2341,172482
2020-04-30,133,825.11,2022,174504
2020-05-01,323,1318.05,1887,176391
2020-05-02,1292,2407.74,1058,177449
2020-05-03,1262,2831.12,786,178235
2020-05-04,467,2344.42,1552,179787
2020-05-05,503,1612.69,1512,181299
2020-05-06,207,1075.52,1398,182697
2020-05-07,659,3866.48,1237,183934
2020-05-08,197,810.01,1082,185016
2020-05-09,371,1210.4,658,185674
2020-05-10,798,2974.82,457,186131
2020-05-11,302,1055.57,1231,187362
2020-05-12,437,1229.0,1285,188647
2020-05-13,589,2709.62,1335,189982
2020-05-14,564,2215.77,1113,191095
2020-05-15,824,3216.81,875,191970
2020-05-16,1540,3398.45,487,192457
2020-05-17,1286,2574.11,359,192816
2020-05-18,559,2304.75,896,193712
2020-05-19,617,1736.49,1004,194716
2020-05-20,770,1862.97,1077,195793
2020-05-21,760,1976.05,1069,196862
2020-05-22,771,1597.8,1039,197901
2020-05-23,421,1751.34,456,198357
2020-05-24,1497,2793.65,468,198825
2020-05-25,1280,2407.44,467,199292
2020-05-26,986,3025.58,1054,200346
2020-05-27,1008,1933.66,744,201090
2020-05-28,692,3022.77,646,201736
2020-05-29,770,2304.66,648,202384
2020-05-30,1718,2477.45,349,202733
2020-05-31,1607,2540.64,230,202963
2020-06-01,842,3384.1,687,203650
2020-06-02,864,1930.21,574,204224
2020-06-03,715,1931.9,516,204740
2020-06-04,988,2092.43,524,205264
2020-06-05,637,2104.44,404,205668
2020-06-06,1689,2409.02,247,205915
2020-06-07,1816,2845.77,198,206113
2020-06-08,1131,2067.15,451,206564
2020-06-09,1155,2807.23,421,206985
2020-06-10,1153,1751.35,365,207350
2020-06-11,800,1891.01,366,207716
2020-06-12,1280,2896.1,410,208126
2020-06-13,1808,3007.36,197,208323
2020-06-14,1530,2599.08,181,208504
2020-06-15,1082,3550.96,383,208887
2020-06-16,1163,2426.03,420,209307
2020-06-17,1230,2283.58,357,209664
2020-06-18,1092,1662.28,378,210042
2020-06-19,1302,2893.08,363,210405
2020-06-20,1650,2479.75,204,210609
2020-06-21,1635,2385.64,172,210781
2020-06-22,1103,1656.2,398,211179
2020-06-23,1299,2091.33,383,211562
2020-06-24,1202,1565.51,381,211943
2020-06-25,1220,2691.73,299,212242
2020-06-26,1427,1975.23,314,212556
2020-06-27,1367,1745.47,207,212763
2020-06-28,1386,1819.36,203,212966
2020-06-29,1216,1430.9,438,213404
2020-06-30,1139,1575.06,442,213846
2020-07-01,1026,1244.49,397,214243
2020-07-02,1375,4940.82,417,214660
2020-07-03,1184,1927.59,238,214898
2020-07-04,1474,1907.96,120,215018
2020-07-05,1267,3135.63,154,215172
2020-07-06,846,1501.56,434,215606
2020-07-07,1211,1458.27,460,216066
2020-07-08,1066,2078.28,437,216503
2020-07-09,1423,1927.26,392,216895
2020-07-10,451,1288.29,310,217205
2020-07-11,1326,1806.91,258,217463
2020-07-12,1671,2169.06,225,217688
2020-07-13,1303,1385.91,485,218173
2020-07-14,1362,1698.22,403,218576
2020-07-15,1379,2116.24,439,219015
2020-07-16,1491,1390.41,418,219433
2020-07-17,1310,1468.42,418,219851
2020-07-18,1525,1797.43,218,220069
2020-07-19,1273,1750.31,175,220244
2020-07-20,1074,1658.33,404,220648
2020-07-21,1311,1848.19,340,220988
2020-07-22,793,1267.73,330,221318
2020-07-23,1147,1287.1,310,221628
2020-07-24,1189,1319.0,302,221930
2020-07-25,1683,1834.94,153,222083
2020-07-26,1305,1997.35,140,222223
2020-07-27,1167,1414.77,315,222538
2020-07-28,1277,1968.11,313,222851
2020-07-29,1326,1623.07,289,223140
2020-07-30,1186,1399.0,273,223413
2020-07-31,1259,1252.36,264,223677
2020-08-01,1831,1928.79,189,223866
2020-08-02,1532,3042.75,137,224003
2020-08-03,1254,1779.95,348,224351
2020-08-04,855,1768.3,187,224538
2020-08-05,1455,1383.35,301,224839
2020-08-06,1377,1430.37,294,225133
2020-08-07,994,1483.74,258,225391
2020-08-08,1783,1688.75,161,225552
2020-08-09,1536,1779.05,133,225685
2020-08-10,1297,1576.43,311,225996
2020-08-11,1376,1599.37,265,226261
2020-08-12,1375,1579.9,320,226581
2020-08-13,1199,1605.37,277,226858
2020-08-14,1621,1589.67,278,227136
2020-08-15,2002,2760.55,151,227287
2020-08-16,827,1741.12,140,227427
2020-08-17,1268,1475.63,330,227757
2020-08-18,1431,1336.32,284,228041
2020-08-19,1270,1710.12,258,228299
2020-08-20,1319,1353.75,227,228526
2020-08-21,1529,1985.47,253,228779
2020-08-22,1689,1429.98,138,228917
2020-08-23,1571,2087.48,151,229068
2020-08-24,1258,1375.88,300,229368
2020-08-25,1205,1379.23,284,229652
2020-08-26,1566,1758.77,313,229965
2020-08-27,1115,1232.8,275,230240
2020-08-28,1236,1192.02,286,230526
2020-08-29,1544,1552.73,128,230654
2020-08-30,1709,2118.95,184,230838
2020-08-31,1243,1271.63,313,231151
2020-09-01,1224,2875.41,296,231447
2020-09-02,1147,1151.87,274,231721
2020-09-03,1186,1063.85,274,231995
2020-09-04,1500,1526.34,230,232225
2020-09-05,1759,6006.76,158,232383
2020-09-06,1679,1893.38,208,232591
2020-09-07,1516,2258.89,218,232809
2020-09-08,1374,3385.53,395,233204
2020-09-09,1361,1080.25,353,233557
2020-09-10,880,859.82,322,233879
2020-09-11,1592,1269.8,314,234193
2020-09-12,1941,1533.87,202,234395
2020-09-13,1548,1687.98,258,234653
2020-09-14,1252,1065.93,434,235087
2020-09-15,1186,903.55,341,235428
2020-09-16,1272,1018.78,370,235798
2020-09-17,1402,1081.23,356,236154
2020-09-18,1488,1130.9,290,236444
2020-09-19,1544,1564.71,160,236604
2020-09-20,1325,2614.5,158,236762
2020-09-21,1065,1132.88,514,237276
2020-09-22,1120,1055.2,407,237683
2020-09-23,1155,1336.28,533,238216
2020-09-24,1205,910.49,470,238686
2020-09-25,1362,1937.3,455,239141
2020-09-26,1701,1398.21,279,239420
2020-09-27,1426,2179.83,382,239802
2020-09-28,1170,1142.62,435,240237
2020-09-29,793,894.27,688,240925
2020-09-30,1209,947.44,588,241513
2020-10-01,2332,1482.4,619,242132
2020-10-02,2216,1005.22,597,242729
2020-10-03,2796,1394.04,279,243008
2020-10-04,2544,1414.42,339,243347
2020-10-05,2072,842.07,853,244200
2020-10-06,2586,1015.04,566,244766
2020-10-07,2080,858.85,543,245309
2020-10-08,2188,788.51,523,245832
2020-10-09,2350,951.78,527,246359
2020-10-10,2735,2018.52,313,246672
2020-10-11,2017,1670.27,279,246951
2020-10-12,468,709.1,516,247467
2020-10-13,1014,701.44,586,248053
2020-10-14,1186,1288.34,579,248632
2020-10-15,1192,2279.77,599,249231
2020-10-16,413,759.97,502,249733
2020-10-17,1263,2242.79,367,250100
2020-10-18,1057,1480.19,424,250524
2020-10-19,950,796.77,628,251152
2020-10-20,986,803.76,606,251758
2020-10-21,1004,886.43,656,252414
2020-10-22,1051,782.68,756,253170
2020-10-23,1101,821.79,601,253771
2020-10-24,1351,1303.67,386,254157
2020-10-25,820,1469.55,364,254521
2020-10-26,632,1425.87,691,255212
2020-10-27,943,856.37,735,255947
2020-10-28,725,706.53,777,256724
2020-10-29,239,574.88,615,257339
2020-10-30,413,666.83,646,257985
2020-10-31,813,1466.66,403,258388
2020-11-01,345,1009.76,498,258886
2020-11-02,584,629.12,956,259842
2020-11-03,696,835.36,892,260734
2020-11-04,727,1887.25,1096,261830
2020-11-05,857,1769.13,1127,262957
2020-11-06,941,1114.66,1023,263980
2020-11-07,1354,2080.01,833,264813
2020-11-08,1283,1930.38,786,265599
2020-11-09,935,1157.47,1533,267132
2020-11-10,980,1068.45,1561,268693
2020-11-11,502,909.55,1491,270184
2020-11-12,393,652.16,1471,271655
2020-11-13,556,3752.35,1478,273133
2020-11-14,892,1414.89,1007,274140
2020-11-15,518,1433.61,876,275016
2020-11-16,619,984.27,1788,276804
2020-11-17,579,772.05,1694,278498
2020-11-18,504,603.7,1686,280184
2020-11-19,599,2751.53,1803,281987
2020-11-20,843,915.72,1738,283725
2020-11-21,1171,1541.07,1247,284972
2020-11-22,621,1045.42,1120,286092
2020-11-23,508,684.57,2236,288328
2020-11-24,610,724.56,1967,290295
2020-11-25,743,837.97,2241,292536
2020-11-26,528,1513.05,730,293266
2020-11-27,740,2351.83,2145,295411
2020-11-28,694,1293.68,1687,297098
2020-11-29,682,1448.71,1596,298694
2020-11-30,271,806.05,2444,301138
