2020-03-01,510,552.09,354,504.86
2020-03-02,817,584.97,504,479.99
2020-03-03,779,459.68,704,375.16
2020-03-04,866,578.23,685,388.71
2020-03-05,898,1081.0,744,376.6
2020-03-06,530,472.29,774,386.02
2020-03-07,624,775.74,651,1302.66
2020-03-08,817,1134.22,315,590.69
2020-03-09,1243,627.54,1013,543.8
2020-03-10,1105,542.03,966,438.23
2020-03-11,1089,540.24,913,375.11
2020-03-12,886,629.28,996,672.87
2020-03-13,742,747.46,1002,467.8
2020-03-14,677,1263.18,728,602.17
2020-03-15,604,1237.58,568,614.03
2020-03-16,460,604.99,911,371.48
2020-03-17,380,1038.46,970,428.02
2020-03-18,489,977.89,1008,557.14
2020-03-19,372,5352.65,435,347.3
2020-03-20,584,2376.27,632,470.71
2020-03-21,594,1940.97,538,555.45
2020-03-22,346,1334.45,801,1009.01
2020-03-23,53,586.25,1057,478.41
2020-03-24,371,1203.29,1039,484.42
2020-03-25,190,11062.73,1036,380.92
2020-03-26,384,8091.1,945,638.2
2020-03-27,517,2067.59,1022,483.9
2020-03-28,149,1408.09,909,1127.61
2020-03-29,175,3456.66,477,596.9
2020-03-30,234,6180.91,946,415.96
2020-03-31,234,1875.56,1118,1347.79
2020-04-01,299,1175.68,1216,845.28
2020-04-02,219,983.83,1190,475.49
2020-04-03,149,10016.99,736,563.21
2020-04-04,538,2368.06,982,1079.85
2020-04-05,478,1807.35,1010,1282.17
2020-04-06,444,1652.12,1345,585.16
2020-04-07,350,4810.01,1152,528.38
2020-04-08,356,1147.31,1342,479.18
2020-04-09,190,751.12,1167,507.28
2020-04-10,237,841.04,1058,1122.94
2020-04-11,377,2302.33,1121,1545.27
2020-04-12,471,1550.61,999,979.76
2020-04-13,98,999.17,972,648.53
2020-04-14,280,1263.9,1283,447.68
2020-04-15,333,1259.86,1271,546.41
2020-04-16,228,873.82,1266,444.04
2020-04-17,221,829.62,1213,854.94
2020-04-18,209,1813.42,523,691.7
2020-04-19,587,2116.66,877,1182.02
2020-04-20,288,1339.7,983,534.45
2020-04-21,209,973.47,1465,746.04
2020-04-22,292,936.93,1569,585.49
2020-04-23,228,1709.33,1229,461.22
2020-04-24,156,756.92,828,394.52
2020-04-25,731,1703.15,968,856.5
2020-04-26,135,1227.87,674,676.93
2020-04-27,209,1649.28,1280,425.31
2020-04-28,562,2056.51,1273,511.42
2020-04-29,261,1863.34,1252,455.41
2020-04-30,133,825.11,1248,551.44
2020-05-01,323,1318.05,1244,545.32
2020-05-02,1292,2407.74,1088,868.12
2020-05-03,1262,2831.12,307,1689.95
2020-05-04,467,2344.42,1383,915.9
2020-05-05,503,1612.69,1490,496.21
2020-05-06,207,1075.52,1496,660.14
2020-05-07,659,3866.48,1336,494.7
2020-05-08,197,810.01,1400,551.42
2020-05-09,371,1210.4,1167,1559.66
2020-05-10,798,2974.82,200,389.71
2020-05-11,302,1055.57,527,394.12
2020-05-12,437,1229.0,927,453.15
2020-05-13,589,2709.62,1481,755.83
2020-05-14,564,2215.77,1504,612.74
2020-05-15,824,3216.81,1391,533.41
2020-05-16,1540,3398.45,1267,1172.75
2020-05-17,1286,2574.11,1239,1163.15
2020-05-18,559,2304.75,1474,646.45
2020-05-19,617,1736.49,1447,912.89
2020-05-20,770,1862.97,1516,1662.75
2020-05-21,760,1976.05,995,513.24
2020-05-22,771,1597.8,1376,898.91
2020-05-23,421,1751.34,943,1212.63
2020-05-24,1497,2793.65,831,1995.28
2020-05-25,1280,2407.44,1174,1449.06
2020-05-26,986,3025.58,1150,590.01
2020-05-27,1008,1933.66,998,538.96
2020-05-28,692,3022.77,879,737.73
2020-05-29,770,2304.66,1405,574.67
2020-05-30,1718,2477.45,1350,1195.26
2020-05-31,1607,2540.64,1109,1303.21
2020-06-01,842,3384.1,1371,1282.94
2020-06-02,864,1930.21,1604,692.8
2020-06-03,715,1931.9,1413,564.27
2020-06-04,988,2092.43,1481,695.83
2020-06-05,637,2104.44,1547,736.09
2020-06-06,1689,2409.02,1209,1124.91
2020-06-07,1816,2845.77,1338,1242.38
2020-06-08,1131,2067.15,862,668.62
2020-06-09,1155,2807.23,1468,637.6
2020-06-10,1153,1751.35,1569,586.56
2020-06-11,800,1891.01,859,533.29
2020-06-12,1280,2896.1,1533,668.19
2020-06-13,1808,3007.36,1200,1548.04
2020-06-14,1530,2599.08,1010,959.24
2020-06-15,1082,3550.96,1481,879.06
2020-06-16,1163,2426.03,774,511.81
2020-06-17,1230,2283.58,1238,573.73
2020-06-18,1092,1662.28,1198,609.12
2020-06-19,1302,2893.08,1189,1590.32
2020-06-20,1650,2479.75,1384,1325.21
2020-06-21,1635,2385.64,1263,1295.3
2020-06-22,1103,1656.2,1506,647.47
2020-06-23,1299,2091.33,1306,762.95
2020-06-24,1202,1565.51,1495,669.03
2020-06-25,1220,2691.73,1509,739.66
2020-06-26,1427,1975.23,1629,669.99
2020-06-27,1367,1745.47,1225,3865.96
2020-06-28,1386,1819.36,1310,1006.94
2020-06-29,1216,1430.9,1552,600.1
2020-06-30,1139,1575.06,1622,556.27
2020-07-01,1026,1244.49,1605,824.59
2020-07-02,1375,4940.82,1284,1623.94
2020-07-03,1184,1927.59,1120,768.57
2020-07-04,1474,1907.96,904,806.71
2020-07-05,1267,3135.63,1099,1034.25
2020-07-06,846,1501.56,1333,759.97
2020-07-07,1211,1458.27,1630,1140.99
2020-07-08,1066,2078.28,1672,554.41
2020-07-09,1423,1927.26,1088,421.98
2020-07-10,451,1288.29,1700,911.55
2020-07-11,1326,1806.91,1366,1017.05
2020-07-12,1671,2169.06,1244,1125.03
2020-07-13,1303,1385.91,1576,1104.94
2020-07-14,1362,1698.22,1740,552.74
2020-07-15,1379,2116.24,1438,587.86
2020-07-16,1491,1390.41,1242,539.12
2020-07-17,1310,1468.42,1669,850.09
2020-07-18,1525,1797.43,942,1097.68
2020-07-19,1273,1750.31,962,901.13
2020-07-20,1074,1658.33,1182,592.93
2020-07-21,1311,1848.19,1352,845.82
2020-07-22,793,1267.73,1703,629.84
2020-07-23,1147,1287.1,1758,667.36
2020-07-24,1189,1319.0,1687,1072.6
2020-07-25,1683,1834.94,1341,1078.64
2020-07-26,1305,1997.35,1195,981.53
2020-07-27,1167,1414.77,1605,667.57
2020-07-28,1277,1968.11,1672,536.73
2020-07-29,1326,1623.07,1463,638.89
2020-07-30,1186,1399.0,1823,496.56
2020-07-31,1259,1252.36,1789,667.25
2020-08-01,1831,1928.79,1459,933.84
2020-08-02,1532,3042.75,1200,1063.05
2020-08-03,1254,1779.95,1725,581.24
2020-08-04,855,1768.3,1753,1643.97
2020-08-05,1455,1383.35,1195,468.47
2020-08-06,1377,1430.37,1725,765.8
2020-08-07,994,1483.74,1681,581.62
2020-08-08,1783,1688.75,1455,871.0
2020-08-09,1536,1779.05,1343,1095.93
2020-08-10,1297,1576.43,1729,589.76
2020-08-11,1376,1599.37,1617,522.4
2020-08-12,1375,1579.9,1705,1036.29
2020-08-13,1199,1605.37,1762,698.93
2020-08-14,1621,1589.67,1821,548.74
2020-08-15,2002,2760.55,1299,1013.73
2020-08-16,827,1741.12,1095,1153.16
2020-08-17,1268,1475.63,1565,520.52
2020-08-18,1431,1336.32,1784,552.28
2020-08-19,1270,1710.12,1617,520.19
2020-08-20,1319,1353.75,1616,498.47
2020-08-21,1529,1985.47,1459,611.64
2020-08-22,1689,1429.98,1483,1157.05
2020-08-23,1571,2087.48,1361,1150.71
2020-08-24,1258,1375.88,1606,534.06
2020-08-25,1205,1379.23,1702,534.76
2020-08-26,1566,1758.77,1593,567.39
2020-08-27,1115,1232.8,1818,755.07
2020-08-28,1236,1192.02,1696,1441.83
2020-08-29,1544,1552.73,1235,1103.5
2020-08-30,1709,2118.95,1177,1478.77
2020-08-31,1243,1271.63,744,1218.57
2020-09-01,1224,2875.41,1781,592.21
2020-09-02,1147,1151.87,1897,545.51
2020-09-03,1186,1063.85,1857,638.4
2020-09-04,1500,1526.34,1240,1345.18
2020-09-05,1759,6006.76,1588,1064.54
2020-09-06,1679,1893.38,1224,1091.92
2020-09-07,1516,2258.89,1755,1206.69
2020-09-08,1374,3385.53,1741,521.79
2020-09-09,1361,1080.25,1914,630.99
2020-09-10,880,859.82,1474,517.77
2020-09-11,1592,1269.8,1834,1358.76
2020-09-12,1941,1533.87,1425,943.43
2020-09-13,1548,1687.98,1471,1263.43
2020-09-14,1252,1065.93,1694,633.97
2020-09-15,1186,903.55,1822,512.8
2020-09-16,1272,1018.78,1813,532.13
2020-09-17,1402,1081.23,1851,573.7
2020-09-18,1488,1130.9,1806,782.2
2020-09-19,1544,1564.71,1903,1365.39
2020-09-20,1325,2614.5,1351,1310.2
2020-09-21,1065,1132.88,1765,502.27
2020-09-22,1120,1055.2,1918,486.15
2020-09-23,1155,1336.28,1890,537.74
2020-09-24,1205,910.49,1832,521.8
2020-09-25,1362,1937.3,1925,702.79
2020-09-26,1701,1398.21,1484,913.0
2020-09-27,1426,2179.83,1418,1036.68
2020-09-28,1170,1142.62,1650,509.33
2020-09-29,793,894.27,1819,482.61
2020-09-30,1209,947.44,1695,513.73
2020-10-01,2332,1482.4,994,445.07
2020-10-02,2216,1005.22,1650,570.47
2020-10-03,2796,1394.04,1289,856.36
2020-10-04,2544,1414.42,1117,816.71
2020-10-05,2072,842.07,1523,475.67
2020-10-06,2586,1015.04,1620,508.24
2020-10-07,2080,858.85,1248,469.72
2020-10-08,2188,788.51,1735,477.46
2020-10-09,2350,951.78,1673,485.56
2020-10-10,2735,2018.52,1251,936.07
2020-10-11,2017,1670.27,1149,956.11
2020-10-12,468,709.1,1495,573.08
2020-10-13,1014,701.44,1746,485.79
2020-10-14,1186,1288.34,987,557.68
2020-10-15,1192,2279.77,1420,428.96
2020-10-16,413,759.97,1586,595.79
2020-10-17,1263,2242.79,1063,988.07
2020-10-18,1057,1480.19,532,718.75
2020-10-19,950,796.77,1605,485.1
2020-10-20,986,803.76,1269,451.72
2020-10-21,1004,886.43,1565,488.84
2020-10-22,1051,782.68,1654,500.82
2020-10-23,1101,821.79,1679,482.23
2020-10-24,1351,1303.67,1142,880.23
2020-10-25,820,1469.55,490,587.0
2020-10-26,632,1425.87,1574,453.28
2020-10-27,943,856.37,1150,453.27
2020-10-28,725,706.53,1484,449.5
2020-10-29,239,574.88,1049,636.3
2020-10-30,413,666.83,1434,478.42
2020-10-31,813,1466.66,1054,2769.3
2020-11-01,345,1009.76,939,3419.33
2020-11-02,584,629.12,1388,483.34
2020-11-03,696,835.36,1535,521.39
2020-11-04,727,1887.25,1463,486.43
2020-11-05,857,1769.13,1129,427.7
2020-11-06,941,1114.66,1125,398.18
2020-11-07,1354,2080.01,705,577.02
2020-11-08,1283,1930.38,700,660.46
2020-11-09,935,1157.47,1345,506.09
2020-11-10,980,1068.45,877,1017.91
2020-11-11,502,909.55,1017,391.93
2020-11-12,393,652.16,1264,420.69
2020-11-13,556,3752.35,1305,625.19
2020-11-14,892,1414.89,718,580.68
2020-11-15,518,1433.61,584,587.72
2020-11-16,619,984.27,800,405.08
2020-11-17,579,772.05,1228,443.54
2020-11-18,504,603.7,1291,398.78
2020-11-19,599,2751.53,1291,457.16
2020-11-20,843,915.72,1198,428.35
2020-11-21,1171,1541.07,770,544.56
2020-11-22,621,1045.42,330,484.25
2020-11-23,508,684.57,1273,496.41
2020-11-24,610,724.56,1370,560.85
2020-11-25,743,837.97,1173,606.17
2020-11-26,528,1513.05,372,731.59
2020-11-27,740,2351.83,563,512.99
2020-11-28,694,1293.68,556,534.5
