2019-01-01,2326253,1980678
2019-01-02,4874104,3721290
2019-01-03,5313423,4062817
2019-01-04,5286626,4056297
2019-01-05,2866267,2397058
2019-01-06,2354612,1975723
2019-01-07,5009087,3771638
2019-01-08,5309478,4016083
2019-01-09,5456331,4138757
2019-01-10,5463690,4148776
2019-01-11,5353275,4074689
2019-01-12,2995079,2467806
2019-01-13,2267989,1890146
2019-01-14,4995237,3744522
2019-01-15,5399402,4092043
2019-01-16,5497823,4178434
2019-01-17,5530695,4214017
2019-01-18,5272348,4035554
2019-01-19,2964492,2439956
2019-01-20,2052149,1737499
2019-01-21,2506921,2036713
2019-01-22,4880020,3689037
2019-01-23,5361572,4063865
2019-01-24,5229445,3999288
2019-01-25,5380718,4109499
2019-01-26,3179064,2602508
2019-01-27,2401487,1984415
2019-01-28,5072716,3809770
2019-01-29,5548085,4213627
2019-01-30,5494088,4187788
2019-01-31,4915729,3775230
2019-02-01,5246429,4007775
2019-02-02,3031995,2500181
2019-02-03,2346226,1968954
2019-02-04,5193503,3878701
2019-02-05,5347315,4132485
2019-02-06,5738076,4372678
2019-02-07,5714167,4346913
2019-02-08,5649411,4309854
2019-02-09,3198929,2648659
2019-02-10,2387639,2007447
2019-02-11,5210783,3903716
2019-02-12,5070288,3898371
2019-02-13,5599227,4235865
2019-02-14,5809194,4393248
2019-02-15,5489728,4199565
2019-02-16,3213802,2630584
2019-02-17,2513851,2093922
2019-02-18,3053702,2407876
2019-02-19,5065442,3878596
2019-02-20,5169504,3977474
2019-02-21,5308104,4056216
2019-02-22,5340358,4123977
2019-02-23,3146820,2585521
2019-02-24,2268503,1894028
2019-02-25,5129256,3849849
2019-02-26,5603065,4267908
2019-02-27,5637508,4274855
2019-02-28,5730729,4351763
2019-03-01,5584409,4254418
2019-03-02,3068126,2547411
2019-03-03,2465006,2060477
2019-03-04,4134253,3202303
2019-03-05,5602595,4240691
2019-03-06,5779257,4383853
2019-03-07,5785275,4380939
2019-03-08,5721528,4376748
2019-03-09,3380387,2799319
2019-03-10,2442969,2073684
2019-03-11,5425572,4097006
2019-03-12,5789747,4402880
2019-03-13,5848857,4459590
2019-03-14,5836142,4454226
2019-03-15,5700764,4389880
2019-03-16,3369972,2779731
2019-03-17,2612960,2183177
2019-03-18,5312197,4034884
2019-03-19,5651495,4313414
2019-03-20,5757966,4391341
2019-03-21,5637675,4327594
2019-03-22,5493558,4233373
2019-03-23,3223544,2652853
2019-03-24,2572322,2141121
2019-03-25,5333504,4073626
2019-03-26,5699661,4351434
2019-03-27,5780624,4433574
2019-03-28,5843614,4454325
2019-03-29,5654146,4352838
2019-03-30,3402233,2788905
2019-03-31,2477103,2092523
2019-04-01,5429148,4117684
2019-04-02,5796527,4414238
2019-04-03,5908254,4495337
2019-04-04,5922747,4524090
2019-04-05,5722309,4399101
2019-04-06,3505380,2863696
2019-04-07,2714577,2267014
2019-04-08,5426926,4131839
2019-04-09,5801157,4437689
2019-04-10,5865261,4475630
2019-04-11,5873033,4493347
2019-04-12,5713418,4398256
2019-04-13,3486961,2831760
2019-04-14,2665301,2225437
2019-04-15,5435215,4159855
2019-04-16,5866605,4484812
2019-04-17,5969223,4585261
2019-04-18,5874432,4507741
2019-04-19,4830832,3825686
2019-04-20,3087750,2584739
2019-04-21,2479577,2075807
2019-04-22,4893499,3807823
2019-04-23,5395338,4195434
2019-04-24,5451755,4262482
2019-04-25,5518672,4306304
2019-04-26,5126143,4024094
2019-04-27,3364547,2761018
2019-04-28,2639605,2192266
2019-04-29,5458327,4145383
2019-04-30,5726293,4377649
2019-05-01,5859962,4482727
2019-05-02,5886693,4490534
2019-05-03,5764293,4434867
2019-05-04,3453993,2822990
2019-05-05,2553917,2129839
2019-05-06,5480907,4161877
2019-05-07,5820459,4441275
2019-05-08,5871462,4498089
2019-05-09,5907553,4497988
2019-05-10,5639618,4331874
2019-05-11,3512970,2874948
2019-05-12,2280294,1931640
2019-05-13,5355199,4091665
2019-05-14,5795190,4459187
2019-05-15,5899012,4525917
2019-05-16,5962771,4579937
2019-05-17,5802600,4481086
2019-05-18,3555295,2925890
2019-05-19,2808202,2329426
2019-05-20,5497025,4238965
2019-05-21,5870380,4541074
2019-05-22,5960055,4602513
2019-05-23,5783108,4476902
2019-05-24,5473358,4269686
2019-05-25,3184279,2651705
2019-05-26,2676941,2266671
2019-05-27,2645108,2169486
2019-05-28,5378675,4170848
2019-05-29,5773125,4476019
2019-05-30,5773742,4472414
2019-05-31,5719404,4453678
2019-06-01,3354851,2789753
2019-06-02,2696569,2284884
2019-06-03,5439404,4209070
2019-06-04,5517685,4316652
2019-06-05,5821607,4515622
2019-06-06,5711150,4441122
2019-06-07,5659830,4421998
2019-06-08,3503391,2894869
2019-06-09,2761525,2342849
2019-06-10,5263602,4101231
2019-06-11,5673881,4410576
2019-06-12,5934524,4597625
2019-06-13,5787894,4496733
2019-06-14,5696508,4436499
2019-06-15,3408852,2826214
2019-06-16,2528635,2147115
2019-06-17,5351189,4143596
2019-06-18,5653263,4399390
2019-06-19,5758405,4481088
2019-06-20,5721763,4447238
2019-06-21,5575193,4360448
2019-06-22,3445367,2843577
2019-06-23,2792880,2361084
2019-06-24,5350906,4174474
2019-06-25,5547131,4321171
2019-06-26,5839618,4581636
2019-06-27,5704662,4479061
2019-06-28,5522858,4347507
2019-06-29,3363023,2797607
2019-06-30,3103061,2568026
2019-07-01,5230207,4149257
2019-07-02,5365511,4242146
2019-07-03,5296167,4185640
2019-07-04,2791425,2282659
2019-07-05,3986353,3328932
2019-07-06,2731102,2327236
2019-07-07,2404126,2037641
2019-07-08,5076312,3996618
2019-07-09,5462243,4308540
2019-07-10,5617699,4437449
2019-07-11,5610149,4430388
2019-07-12,5347088,4230749
2019-07-13,3267235,2720895
2019-07-14,2517786,2160280
2019-07-15,5202532,4113427
2019-07-16,5556674,4387570
2019-07-17,5574660,4395898
2019-07-18,5413470,4292186
2019-07-19,5200927,4140971
2019-07-20,2912470,2483298
2019-07-21,2302083,1983516
2019-07-22,5034258,4007018
2019-07-23,5211412,4153672
2019-07-24,5555839,4413280
2019-07-25,5601449,4470970
2019-07-26,5331081,4265127
2019-07-27,3244490,2758635
2019-07-28,2590781,2232133
2019-07-29,5072021,4023035
2019-07-30,5398545,4322240
2019-07-31,5441322,4348016
2019-08-01,5440324,4342371
2019-08-02,5239167,4206359
2019-08-03,3203073,2681994
2019-08-04,2598901,2221993
2019-08-05,5080695,4052444
2019-08-06,5347285,4269612
2019-08-07,5392956,4323086
2019-08-08,5381122,4282430
2019-08-09,5223775,4210069
2019-08-10,3151048,2679452
2019-08-11,2622693,2291396
2019-08-12,4964809,3981128
2019-08-13,5201417,4186527
2019-08-14,5280783,4227199
2019-08-15,5328029,4256019
2019-08-16,5085964,4077910
2019-08-17,3016768,2548012
2019-08-18,2437441,2088836
2019-08-19,4745508,3800213
2019-08-20,5102670,4081820
2019-08-21,5120293,4101876
2019-08-22,5088531,4074116
2019-08-23,4876325,3927415
2019-08-24,3116581,2633615
2019-08-25,2480677,2127701
2019-08-26,4815274,3838948
2019-08-27,5216369,4155648
2019-08-28,5269740,4214611
2019-08-29,5287443,4196197
2019-08-30,4959219,3975254
2019-08-31,3079184,2601592
2019-09-01,2595220,2224749
2019-09-02,2344873,1992341
2019-09-03,5184433,4121325
2019-09-04,5550633,4431552
2019-09-05,5786757,4552936
2019-09-06,5697306,4506380
2019-09-07,3318360,2766897
2019-09-08,2697883,2290449
2019-09-09,5577038,4351916
2019-09-10,5906599,4594383
2019-09-11,5972485,4655337
2019-09-12,5996740,4668602
2019-09-13,5875082,4608596
2019-09-14,3311865,2799704
2019-09-15,2705368,2304058
2019-09-16,5585545,4350769
2019-09-17,5932934,4621779
2019-09-18,6049027,4698663
2019-09-19,6057411,4719099
2019-09-20,6004139,4730344
2019-09-21,3485830,2931136
2019-09-22,2782401,2370646
2019-09-23,5640741,4398977
2019-09-24,6010782,4700831
2019-09-25,6087870,4751437
2019-09-26,6112998,4771701
2019-09-27,5913720,4635133
2019-09-28,3375958,2882510
2019-09-29,2701947,2327412
2019-09-30,4765689,3822986
2019-10-01,5184295,4122915
2019-10-02,5964545,4663128
2019-10-03,6037298,4709894
2019-10-04,6014632,4699416
2019-10-05,3489660,2945682
2019-10-06,2716213,2344492
2019-10-07,5632284,4390125
2019-10-08,5773813,4549836
2019-10-09,4966727,3988443
2019-10-10,6000927,4680286
2019-10-11,5922899,4659315
2019-10-12,3410364,2896901
2019-10-13,2800398,2449299
2019-10-14,4233281,3477600
2019-10-15,5805769,4556302
2019-10-16,5936800,4692909
2019-10-17,6052959,4735500
2019-10-18,6014260,4731039
2019-10-19,3559025,2956217
2019-10-20,2644181,2246624
2019-10-21,5524104,4287052
2019-10-22,5837034,4576627
2019-10-23,6057656,4733194
2019-10-24,6156327,4809216
2019-10-25,5950861,4685810
2019-10-26,3499705,2925004
2019-10-27,2395157,2069160
2019-10-28,5625528,4376322
2019-10-29,5996810,4686332
2019-10-30,6053768,4744561
2019-10-31,5844179,4602108
2019-11-01,5995342,4750398
2019-11-02,3510995,2922119
2019-11-03,2969805,2474546
2019-11-04,5592801,4310962
2019-11-05,5553833,4390585
2019-11-06,6020532,4694197
2019-11-07,6064701,4722603
2019-11-08,5906208,4640568
2019-11-09,3458104,2895594
2019-11-10,2715262,2318038
2019-11-11,4646864,3683635
2019-11-12,5768866,4495857
2019-11-13,5834843,4533000
2019-11-14,5897139,4587075
2019-11-15,5845438,4569906
2019-11-16,3580083,3035069
2019-11-17,2657601,2285447
2019-11-18,5380419,4142362
2019-11-19,5859438,4565238
2019-11-20,5975010,4656515
2019-11-21,6003565,4667198
2019-11-22,5885621,4626620
2019-11-23,3413393,2901450
2019-11-24,2475802,2170218
2019-11-25,5450231,4229849
2019-11-26,5857703,4573985
2019-11-27,5464957,4330794
2019-11-28,2406981,2100241
2019-11-29,3315019,2754553
2019-11-30,2909476,2489411
2019-12-01,2289521,1992940
2019-12-02,5046649,3924330
2019-12-03,5724735,4455761
2019-12-04,5974989,4672895
2019-12-05,6087071,4758503
2019-12-06,5999373,4698419
2019-12-07,3722558,3135829
2019-12-08,2926287,2507391
2019-12-09,5427487,4192994
2019-12-10,5857495,4586292
2019-12-11,5971764,4663827
2019-12-12,6071590,4750020
2019-12-13,5980731,4702370
2019-12-14,3651906,3088992
2019-12-15,3033804,2604882
2019-12-16,5507329,4294617
2019-12-17,5710425,4497989
2019-12-18,5932855,4663308
2019-12-19,5765883,4548476
2019-12-20,5656233,4488361
2019-12-21,3401331,2869515
2019-12-22,2814048,2420254
2019-12-23,4599038,3718183
2019-12-24,3888788,3230790
2019-12-25,1850290,1648930
2019-12-26,3735100,3081125
2019-12-27,4300263,3538811
2019-12-28,3217603,2772320
2019-12-29,2713548,2380748
2019-12-30,4197229,3454194
2019-12-31,4073177,3359290
